{"/Users/mchugtai/apps/BARSTOOLIAN/src/index.js": {"path":"/Users/mchugtai/apps/BARSTOOLIAN/src/index.js","statementMap":{"0":{"start":{"line":1,"column":0},"end":{"line":null,"column":-1}},"1":{"start":{"line":2,"column":0},"end":{"line":null,"column":-1}},"2":{"start":{"line":9,"column":0},"end":{"line":null,"column":-1}},"3":{"start":{"line":18,"column":0},"end":{"line":null,"column":-1}}},"fnMap":{},"branchMap":{},"s":{"0":0,"1":0,"2":0,"3":0},"f":{},"b":{}}
,"/Users/mchugtai/apps/BARSTOOLIAN/src/sum.js": {"path":"/Users/mchugtai/apps/BARSTOOLIAN/src/sum.js","statementMap":{"0":{"start":{"line":2,"column":2},"end":{"line":2,"column":15}}},"fnMap":{"0":{"name":"sum","decl":{"start":{"line":1,"column":9},"end":{"line":1,"column":12}},"loc":{"start":{"line":1,"column":19},"end":{"line":3,"column":1}},"line":1}},"branchMap":{},"s":{"0":1},"f":{"0":1},"b":{},"_coverageSchema":"332fd63041d2c1bcb487cc26dd0d5f7d97098a6c","hash":"b2d5a5f011eb576968a5f4927fdad86c357d7672"}
,"/Users/mchugtai/apps/BARSTOOLIAN/src/Entity/index.js": {"path":"/Users/mchugtai/apps/BARSTOOLIAN/src/Entity/index.js","statementMap":{"0":{"start":{"line":1,"column":0},"end":{"line":null,"column":-1}},"1":{"start":{"line":2,"column":0},"end":{"line":null,"column":-1}},"2":{"start":{"line":3,"column":0},"end":{"line":null,"column":-1}},"3":{"start":{"line":4,"column":0},"end":{"line":null,"column":-1}},"4":{"start":{"line":5,"column":0},"end":{"line":null,"column":-1}},"5":{"start":{"line":12,"column":0},"end":{"line":null,"column":-1}},"6":{"start":{"line":14,"column":24},"end":{"line":14,"column":0}},"7":{"start":{"line":16,"column":25},"end":{"line":16,"column":0}},"8":{"start":{"line":31,"column":4},"end":{"line":null,"column":-1}},"9":{"start":{"line":38,"column":4},"end":{"line":48,"column":5}},"10":{"start":{"line":39,"column":6},"end":{"line":null,"column":-1}},"11":{"start":{"line":41,"column":6},"end":{"line":null,"column":-1}},"12":{"start":{"line":49,"column":4},"end":{"line":54,"column":5}},"13":{"start":{"line":50,"column":6},"end":{"line":null,"column":-1}},"14":{"start":{"line":52,"column":6},"end":{"line":null,"column":-1}},"15":{"start":{"line":53,"column":6},"end":{"line":null,"column":-1}},"16":{"start":{"line":55,"column":4},"end":{"line":59,"column":5}},"17":{"start":{"line":56,"column":6},"end":{"line":null,"column":-1}},"18":{"start":{"line":58,"column":6},"end":{"line":null,"column":-1}},"19":{"start":{"line":60,"column":4},"end":{"line":64,"column":5}},"20":{"start":{"line":61,"column":6},"end":{"line":null,"column":-1}},"21":{"start":{"line":63,"column":6},"end":{"line":null,"column":-1}},"22":{"start":{"line":65,"column":4},"end":{"line":null,"column":-1}},"23":{"start":{"line":66,"column":4},"end":{"line":81,"column":5}},"24":{"start":{"line":67,"column":6},"end":{"line":null,"column":-1}},"25":{"start":{"line":68,"column":6},"end":{"line":null,"column":-1}},"26":{"start":{"line":69,"column":6},"end":{"line":null,"column":-1}},"27":{"start":{"line":70,"column":6},"end":{"line":null,"column":-1}},"28":{"start":{"line":71,"column":8},"end":{"line":77,"column":9}},"29":{"start":{"line":72,"column":10},"end":{"line":null,"column":-1}},"30":{"start":{"line":76,"column":10},"end":{"line":null,"column":-1}},"31":{"start":{"line":79,"column":11},"end":{"line":81,"column":5}},"32":{"start":{"line":80,"column":6},"end":{"line":null,"column":-1}},"33":{"start":{"line":85,"column":4},"end":{"line":null,"column":-1}},"34":{"start":{"line":88,"column":29},"end":{"line":null,"column":-1}},"35":{"start":{"line":89,"column":26},"end":{"line":89,"column":4}},"36":{"start":{"line":90,"column":4},"end":{"line":null,"column":-1}},"37":{"start":{"line":91,"column":6},"end":{"line":null,"column":-1}},"38":{"start":{"line":92,"column":8},"end":{"line":92,"column":17}},"39":{"start":{"line":92,"column":17},"end":{"line":null,"column":-1}},"40":{"start":{"line":93,"column":8},"end":{"line":null,"column":-1}},"41":{"start":{"line":98,"column":25},"end":{"line":null,"column":-1}},"42":{"start":{"line":99,"column":4},"end":{"line":null,"column":-1}},"43":{"start":{"line":100,"column":6},"end":{"line":null,"column":-1}},"44":{"start":{"line":101,"column":6},"end":{"line":null,"column":-1}},"45":{"start":{"line":102,"column":6},"end":{"line":null,"column":-1}},"46":{"start":{"line":103,"column":6},"end":{"line":null,"column":-1}},"47":{"start":{"line":104,"column":6},"end":{"line":null,"column":-1}}},"fnMap":{"0":{"name":"BarstoolEntity","decl":{"start":{"line":19,"column":2},"end":{"line":20,"column":3}},"loc":{"start":{"line":31,"column":4},"end":{"line":82,"column":3}}},"1":{"name":"(anonymous_7)","decl":{"start":{"line":70,"column":33},"end":{"line":70,"column":39}},"loc":{"start":{"line":70,"column":40},"end":{"line":70,"column":6}}},"2":{"name":"(anonymous_10)","decl":{"start":{"line":90,"column":26},"end":{"line":90,"column":38}},"loc":{"start":{"line":90,"column":39},"end":{"line":90,"column":4}}},"3":{"name":"(anonymous_11)","decl":{"start":{"line":91,"column":34},"end":{"line":91,"column":34}},"loc":{"start":{"line":91,"column":49},"end":{"line":91,"column":6}}},"4":{"name":"(anonymous_13)","decl":{"start":{"line":99,"column":19},"end":{"line":99,"column":27}},"loc":{"start":{"line":99,"column":28},"end":{"line":99,"column":4}}}},"branchMap":{"0":{"loc":{"start":{"line":38,"column":4},"end":{"line":48,"column":5}},"type":"if","locations":[{"start":{"line":38,"column":4},"end":{"line":48,"column":5}},{"start":{"line":38,"column":4},"end":{"line":48,"column":5}}]},"1":{"loc":{"start":{"line":49,"column":4},"end":{"line":54,"column":5}},"type":"if","locations":[{"start":{"line":49,"column":4},"end":{"line":54,"column":5}},{"start":{"line":49,"column":4},"end":{"line":54,"column":5}}]},"2":{"loc":{"start":{"line":55,"column":4},"end":{"line":59,"column":5}},"type":"if","locations":[{"start":{"line":55,"column":4},"end":{"line":59,"column":5}},{"start":{"line":55,"column":4},"end":{"line":59,"column":5}}]},"3":{"loc":{"start":{"line":60,"column":4},"end":{"line":64,"column":5}},"type":"if","locations":[{"start":{"line":60,"column":4},"end":{"line":64,"column":5}},{"start":{"line":60,"column":4},"end":{"line":64,"column":5}}]},"4":{"loc":{"start":{"line":66,"column":4},"end":{"line":81,"column":5}},"type":"if","locations":[{"start":{"line":66,"column":4},"end":{"line":81,"column":5}},{"start":{"line":66,"column":4},"end":{"line":81,"column":5}}]},"5":{"loc":{"start":{"line":66,"column":8},"end":{"line":66,"column":31}},"type":"binary-expr","locations":[{"start":{"line":66,"column":8},"end":{"line":66,"column":31}},{"start":{"line":66,"column":32},"end":{"line":66,"column":4}}]},"6":{"loc":{"start":{"line":71,"column":8},"end":{"line":77,"column":9}},"type":"if","locations":[{"start":{"line":71,"column":8},"end":{"line":77,"column":9}},{"start":{"line":71,"column":8},"end":{"line":77,"column":9}}]},"7":{"loc":{"start":{"line":79,"column":11},"end":{"line":81,"column":5}},"type":"if","locations":[{"start":{"line":79,"column":11},"end":{"line":81,"column":5}},{"start":{"line":79,"column":11},"end":{"line":81,"column":5}}]},"8":{"loc":{"start":{"line":79,"column":15},"end":{"line":79,"column":38}},"type":"binary-expr","locations":[{"start":{"line":79,"column":15},"end":{"line":79,"column":38}},{"start":{"line":79,"column":39},"end":{"line":79,"column":11}}]},"9":{"loc":{"start":{"line":92,"column":8},"end":{"line":92,"column":17}},"type":"if","locations":[{"start":{"line":92,"column":8},"end":{"line":92,"column":17}},{"start":{"line":92,"column":8},"end":{"line":92,"column":17}}]}},"s":{"0":0,"1":0,"2":0,"3":0,"4":0,"5":0,"6":0,"7":0,"8":0,"9":0,"10":0,"11":0,"12":0,"13":0,"14":0,"15":0,"16":0,"17":0,"18":0,"19":0,"20":0,"21":0,"22":0,"23":0,"24":0,"25":0,"26":0,"27":0,"28":0,"29":0,"30":0,"31":0,"32":0,"33":0,"34":0,"35":0,"36":0,"37":0,"38":0,"39":0,"40":0,"41":0,"42":0,"43":0,"44":0,"45":0,"46":0,"47":0},"f":{"0":0,"1":0,"2":0,"3":0,"4":0},"b":{"0":[0,0],"1":[0,0],"2":[0,0],"3":[0,0],"4":[0,0],"5":[0,0],"6":[0,0],"7":[0,0],"8":[0,0],"9":[0,0]}}
,"/Users/mchugtai/apps/BARSTOOLIAN/src/methods/sum.js": {"path":"/Users/mchugtai/apps/BARSTOOLIAN/src/methods/sum.js","statementMap":{"0":{"start":{"line":2,"column":2},"end":{"line":null,"column":-1}}},"fnMap":{},"branchMap":{},"s":{"0":0},"f":{},"b":{}}
,"/Users/mchugtai/apps/BARSTOOLIAN/src/routegenerators/create.js": {"path":"/Users/mchugtai/apps/BARSTOOLIAN/src/routegenerators/create.js","statementMap":{"0":{"start":{"line":1,"column":0},"end":{"line":null,"column":-1}},"1":{"start":{"line":3,"column":27},"end":{"line":3,"column":0}},"2":{"start":{"line":10,"column":2},"end":{"line":null,"column":-1}},"3":{"start":{"line":11,"column":19},"end":{"line":11,"column":4}},"4":{"start":{"line":12,"column":24},"end":{"line":12,"column":4}},"5":{"start":{"line":13,"column":17},"end":{"line":13,"column":4}},"6":{"start":{"line":13,"column":35},"end":{"line":null,"column":-1}},"7":{"start":{"line":14,"column":24},"end":{"line":14,"column":4}},"8":{"start":{"line":16,"column":4},"end":{"line":null,"column":-1}},"9":{"start":{"line":17,"column":6},"end":{"line":19,"column":7}},"10":{"start":{"line":18,"column":8},"end":{"line":null,"column":-1}},"11":{"start":{"line":22,"column":4},"end":{"line":33,"column":5}},"12":{"start":{"line":23,"column":6},"end":{"line":null,"column":-1}},"13":{"start":{"line":28,"column":27},"end":{"line":28,"column":6}},"14":{"start":{"line":29,"column":6},"end":{"line":null,"column":-1}},"15":{"start":{"line":30,"column":8},"end":{"line":30,"column":17}},"16":{"start":{"line":30,"column":17},"end":{"line":null,"column":-1}},"17":{"start":{"line":31,"column":8},"end":{"line":null,"column":-1}}},"fnMap":{"0":{"name":"createOneItemRoute","decl":{"start":{"line":3,"column":6},"end":{"line":3,"column":27}},"loc":{"start":{"line":3,"column":55},"end":{"line":3,"column":0}}},"1":{"name":"(anonymous_1)","decl":{"start":{"line":10,"column":38},"end":{"line":10,"column":38}},"loc":{"start":{"line":10,"column":52},"end":{"line":10,"column":2}}},"2":{"name":"(anonymous_2)","decl":{"start":{"line":13,"column":35},"end":{"line":null,"column":-1}},"loc":{"start":{"line":13,"column":35},"end":{"line":13,"column":17}}},"3":{"name":"(anonymous_3)","decl":{"start":{"line":16,"column":17},"end":{"line":16,"column":31}},"loc":{"start":{"line":16,"column":32},"end":{"line":16,"column":4}}},"4":{"name":"(anonymous_4)","decl":{"start":{"line":29,"column":37},"end":{"line":29,"column":37}},"loc":{"start":{"line":29,"column":52},"end":{"line":29,"column":6}}}},"branchMap":{"0":{"loc":{"start":{"line":17,"column":6},"end":{"line":19,"column":7}},"type":"if","locations":[{"start":{"line":17,"column":6},"end":{"line":19,"column":7}},{"start":{"line":17,"column":6},"end":{"line":19,"column":7}}]},"1":{"loc":{"start":{"line":22,"column":4},"end":{"line":33,"column":5}},"type":"if","locations":[{"start":{"line":22,"column":4},"end":{"line":33,"column":5}},{"start":{"line":22,"column":4},"end":{"line":33,"column":5}}]},"2":{"loc":{"start":{"line":30,"column":8},"end":{"line":30,"column":17}},"type":"if","locations":[{"start":{"line":30,"column":8},"end":{"line":30,"column":17}},{"start":{"line":30,"column":8},"end":{"line":30,"column":17}}]}},"s":{"0":0,"1":0,"2":0,"3":0,"4":0,"5":0,"6":0,"7":0,"8":0,"9":0,"10":0,"11":0,"12":0,"13":0,"14":0,"15":0,"16":0,"17":0},"f":{"0":0,"1":0,"2":0,"3":0,"4":0},"b":{"0":[0,0],"1":[0,0],"2":[0,0]}}
,"/Users/mchugtai/apps/BARSTOOLIAN/src/routegenerators/delete.js": {"path":"/Users/mchugtai/apps/BARSTOOLIAN/src/routegenerators/delete.js","statementMap":{"0":{"start":{"line":1,"column":0},"end":{"line":null,"column":-1}},"1":{"start":{"line":3,"column":29},"end":{"line":3,"column":0}},"2":{"start":{"line":4,"column":2},"end":{"line":null,"column":-1}},"3":{"start":{"line":5,"column":25},"end":{"line":5,"column":4}},"4":{"start":{"line":6,"column":4},"end":{"line":null,"column":-1}},"5":{"start":{"line":7,"column":6},"end":{"line":7,"column":15}},"6":{"start":{"line":7,"column":15},"end":{"line":null,"column":-1}},"7":{"start":{"line":8,"column":6},"end":{"line":15,"column":7}},"8":{"start":{"line":9,"column":8},"end":{"line":null,"column":-1}},"9":{"start":{"line":11,"column":8},"end":{"line":null,"column":-1}}},"fnMap":{"0":{"name":"deleteOneEntityRoute","decl":{"start":{"line":3,"column":6},"end":{"line":3,"column":29}},"loc":{"start":{"line":3,"column":61},"end":{"line":3,"column":0}}},"1":{"name":"(anonymous_1)","decl":{"start":{"line":4,"column":41},"end":{"line":4,"column":41}},"loc":{"start":{"line":4,"column":55},"end":{"line":4,"column":2}}},"2":{"name":"(anonymous_2)","decl":{"start":{"line":6,"column":35},"end":{"line":6,"column":35}},"loc":{"start":{"line":6,"column":50},"end":{"line":6,"column":4}}}},"branchMap":{"0":{"loc":{"start":{"line":7,"column":6},"end":{"line":7,"column":15}},"type":"if","locations":[{"start":{"line":7,"column":6},"end":{"line":7,"column":15}},{"start":{"line":7,"column":6},"end":{"line":7,"column":15}}]},"1":{"loc":{"start":{"line":8,"column":6},"end":{"line":15,"column":7}},"type":"if","locations":[{"start":{"line":8,"column":6},"end":{"line":15,"column":7}},{"start":{"line":8,"column":6},"end":{"line":15,"column":7}}]}},"s":{"0":0,"1":0,"2":0,"3":0,"4":0,"5":0,"6":0,"7":0,"8":0,"9":0},"f":{"0":0,"1":0,"2":0},"b":{"0":[0,0],"1":[0,0]}}
,"/Users/mchugtai/apps/BARSTOOLIAN/src/routegenerators/index.js": {"path":"/Users/mchugtai/apps/BARSTOOLIAN/src/routegenerators/index.js","statementMap":{"0":{"start":{"line":1,"column":0},"end":{"line":null,"column":-1}},"1":{"start":{"line":2,"column":0},"end":{"line":null,"column":-1}},"2":{"start":{"line":3,"column":0},"end":{"line":null,"column":-1}},"3":{"start":{"line":4,"column":0},"end":{"line":null,"column":-1}}},"fnMap":{},"branchMap":{},"s":{"0":0,"1":0,"2":0,"3":0},"f":{},"b":{}}
,"/Users/mchugtai/apps/BARSTOOLIAN/src/routegenerators/read.js": {"path":"/Users/mchugtai/apps/BARSTOOLIAN/src/routegenerators/read.js","statementMap":{"0":{"start":{"line":1,"column":0},"end":{"line":null,"column":-1}},"1":{"start":{"line":3,"column":26},"end":{"line":3,"column":0}},"2":{"start":{"line":10,"column":2},"end":{"line":null,"column":-1}},"3":{"start":{"line":11,"column":25},"end":{"line":11,"column":4}},"4":{"start":{"line":12,"column":4},"end":{"line":null,"column":-1}},"5":{"start":{"line":13,"column":6},"end":{"line":13,"column":15}},"6":{"start":{"line":13,"column":15},"end":{"line":null,"column":-1}},"7":{"start":{"line":14,"column":6},"end":{"line":null,"column":-1}},"8":{"start":{"line":19,"column":25},"end":{"line":19,"column":0}},"9":{"start":{"line":26,"column":2},"end":{"line":null,"column":-1}},"10":{"start":{"line":27,"column":25},"end":{"line":27,"column":4}},"11":{"start":{"line":28,"column":4},"end":{"line":null,"column":-1}},"12":{"start":{"line":29,"column":6},"end":{"line":29,"column":15}},"13":{"start":{"line":29,"column":15},"end":{"line":null,"column":-1}},"14":{"start":{"line":30,"column":6},"end":{"line":37,"column":7}},"15":{"start":{"line":31,"column":8},"end":{"line":null,"column":-1}},"16":{"start":{"line":33,"column":8},"end":{"line":null,"column":-1}}},"fnMap":{"0":{"name":"readAllItemsRoute","decl":{"start":{"line":3,"column":6},"end":{"line":3,"column":26}},"loc":{"start":{"line":3,"column":58},"end":{"line":3,"column":0}}},"1":{"name":"(anonymous_1)","decl":{"start":{"line":10,"column":27},"end":{"line":10,"column":27}},"loc":{"start":{"line":10,"column":41},"end":{"line":10,"column":2}}},"2":{"name":"(anonymous_2)","decl":{"start":{"line":12,"column":35},"end":{"line":12,"column":35}},"loc":{"start":{"line":12,"column":50},"end":{"line":12,"column":4}}},"3":{"name":"readOneItemRoute","decl":{"start":{"line":19,"column":6},"end":{"line":19,"column":25}},"loc":{"start":{"line":19,"column":57},"end":{"line":19,"column":0}}},"4":{"name":"(anonymous_4)","decl":{"start":{"line":26,"column":31},"end":{"line":26,"column":31}},"loc":{"start":{"line":26,"column":45},"end":{"line":26,"column":2}}},"5":{"name":"(anonymous_5)","decl":{"start":{"line":28,"column":35},"end":{"line":28,"column":35}},"loc":{"start":{"line":28,"column":50},"end":{"line":28,"column":4}}}},"branchMap":{"0":{"loc":{"start":{"line":13,"column":6},"end":{"line":13,"column":15}},"type":"if","locations":[{"start":{"line":13,"column":6},"end":{"line":13,"column":15}},{"start":{"line":13,"column":6},"end":{"line":13,"column":15}}]},"1":{"loc":{"start":{"line":29,"column":6},"end":{"line":29,"column":15}},"type":"if","locations":[{"start":{"line":29,"column":6},"end":{"line":29,"column":15}},{"start":{"line":29,"column":6},"end":{"line":29,"column":15}}]},"2":{"loc":{"start":{"line":30,"column":6},"end":{"line":37,"column":7}},"type":"if","locations":[{"start":{"line":30,"column":6},"end":{"line":37,"column":7}},{"start":{"line":30,"column":6},"end":{"line":37,"column":7}}]}},"s":{"0":0,"1":0,"2":0,"3":0,"4":0,"5":0,"6":0,"7":0,"8":0,"9":0,"10":0,"11":0,"12":0,"13":0,"14":0,"15":0,"16":0},"f":{"0":0,"1":0,"2":0,"3":0,"4":0,"5":0},"b":{"0":[0,0],"1":[0,0],"2":[0,0]}}
,"/Users/mchugtai/apps/BARSTOOLIAN/src/routegenerators/update.js": {"path":"/Users/mchugtai/apps/BARSTOOLIAN/src/routegenerators/update.js","statementMap":{"0":{"start":{"line":1,"column":0},"end":{"line":null,"column":-1}},"1":{"start":{"line":3,"column":29},"end":{"line":3,"column":0}},"2":{"start":{"line":10,"column":2},"end":{"line":null,"column":-1}},"3":{"start":{"line":11,"column":24},"end":{"line":11,"column":4}},"4":{"start":{"line":12,"column":26},"end":{"line":12,"column":4}},"5":{"start":{"line":13,"column":25},"end":{"line":13,"column":4}},"6":{"start":{"line":13,"column":43},"end":{"line":null,"column":-1}},"7":{"start":{"line":14,"column":26},"end":{"line":14,"column":4}},"8":{"start":{"line":15,"column":28},"end":{"line":15,"column":4}},"9":{"start":{"line":16,"column":27},"end":{"line":16,"column":4}},"10":{"start":{"line":17,"column":4},"end":{"line":null,"column":-1}},"11":{"start":{"line":18,"column":6},"end":{"line":26,"column":7}},"12":{"start":{"line":19,"column":8},"end":{"line":null,"column":-1}},"13":{"start":{"line":24,"column":8},"end":{"line":null,"column":-1}},"14":{"start":{"line":25,"column":8},"end":{"line":null,"column":-1}},"15":{"start":{"line":29,"column":25},"end":{"line":29,"column":4}},"16":{"start":{"line":36,"column":4},"end":{"line":null,"column":-1}},"17":{"start":{"line":37,"column":6},"end":{"line":37,"column":15}},"18":{"start":{"line":37,"column":15},"end":{"line":null,"column":-1}},"19":{"start":{"line":39,"column":6},"end":{"line":49,"column":7}},"20":{"start":{"line":40,"column":8},"end":{"line":null,"column":-1}},"21":{"start":{"line":45,"column":13},"end":{"line":49,"column":7}},"22":{"start":{"line":46,"column":8},"end":{"line":null,"column":-1}}},"fnMap":{"0":{"name":"updateOneEntityRoute","decl":{"start":{"line":3,"column":6},"end":{"line":3,"column":29}},"loc":{"start":{"line":3,"column":57},"end":{"line":3,"column":0}}},"1":{"name":"(anonymous_1)","decl":{"start":{"line":10,"column":44},"end":{"line":10,"column":44}},"loc":{"start":{"line":10,"column":58},"end":{"line":10,"column":2}}},"2":{"name":"(anonymous_2)","decl":{"start":{"line":13,"column":43},"end":{"line":null,"column":-1}},"loc":{"start":{"line":13,"column":43},"end":{"line":13,"column":25}}},"3":{"name":"(anonymous_3)","decl":{"start":{"line":17,"column":24},"end":{"line":17,"column":24}},"loc":{"start":{"line":17,"column":43},"end":{"line":17,"column":4}}},"4":{"name":"(anonymous_4)","decl":{"start":{"line":36,"column":35},"end":{"line":36,"column":35}},"loc":{"start":{"line":36,"column":50},"end":{"line":36,"column":4}}}},"branchMap":{"0":{"loc":{"start":{"line":18,"column":6},"end":{"line":26,"column":7}},"type":"if","locations":[{"start":{"line":18,"column":6},"end":{"line":26,"column":7}},{"start":{"line":18,"column":6},"end":{"line":26,"column":7}}]},"1":{"loc":{"start":{"line":37,"column":6},"end":{"line":37,"column":15}},"type":"if","locations":[{"start":{"line":37,"column":6},"end":{"line":37,"column":15}},{"start":{"line":37,"column":6},"end":{"line":37,"column":15}}]},"2":{"loc":{"start":{"line":39,"column":6},"end":{"line":49,"column":7}},"type":"if","locations":[{"start":{"line":39,"column":6},"end":{"line":49,"column":7}},{"start":{"line":39,"column":6},"end":{"line":49,"column":7}}]},"3":{"loc":{"start":{"line":39,"column":10},"end":{"line":39,"column":9}},"type":"binary-expr","locations":[{"start":{"line":39,"column":10},"end":{"line":39,"column":9}},{"start":{"line":39,"column":39},"end":{"line":39,"column":6}}]},"4":{"loc":{"start":{"line":45,"column":13},"end":{"line":49,"column":7}},"type":"if","locations":[{"start":{"line":45,"column":13},"end":{"line":49,"column":7}},{"start":{"line":45,"column":13},"end":{"line":49,"column":7}}]}},"s":{"0":0,"1":0,"2":0,"3":0,"4":0,"5":0,"6":0,"7":0,"8":0,"9":0,"10":0,"11":0,"12":0,"13":0,"14":0,"15":0,"16":0,"17":0,"18":0,"19":0,"20":0,"21":0,"22":0},"f":{"0":0,"1":0,"2":0,"3":0,"4":0},"b":{"0":[0,0],"1":[0,0],"2":[0,0],"3":[0,0],"4":[0,0]}}
,"/Users/mchugtai/apps/BARSTOOLIAN/src/sqlmethods/create.js": {"path":"/Users/mchugtai/apps/BARSTOOLIAN/src/sqlmethods/create.js","statementMap":{"0":{"start":{"line":3,"column":41},"end":{"line":3,"column":0}},"1":{"start":{"line":4,"column":23},"end":{"line":4,"column":2}},"2":{"start":{"line":4,"column":34},"end":{"line":null,"column":-1}},"3":{"start":{"line":5,"column":2},"end":{"line":null,"column":-1}}},"fnMap":{"0":{"name":"mapInsertNewEntityToSQLStatement","decl":{"start":{"line":3,"column":6},"end":{"line":3,"column":41}},"loc":{"start":{"line":3,"column":70},"end":{"line":3,"column":0}}},"1":{"name":"(anonymous_1)","decl":{"start":{"line":4,"column":34},"end":{"line":null,"column":-1}},"loc":{"start":{"line":4,"column":34},"end":{"line":4,"column":23}}}},"branchMap":{},"s":{"0":0,"1":0,"2":0,"3":0},"f":{"0":0,"1":0},"b":{}}
,"/Users/mchugtai/apps/BARSTOOLIAN/src/sqlmethods/createTablesMapper.js": {"path":"/Users/mchugtai/apps/BARSTOOLIAN/src/sqlmethods/createTablesMapper.js","statementMap":{"0":{"start":{"line":1,"column":0},"end":{"line":null,"column":-1}},"1":{"start":{"line":3,"column":27},"end":{"line":3,"column":0}},"2":{"start":{"line":4,"column":24},"end":{"line":4,"column":2}},"3":{"start":{"line":6,"column":6},"end":{"line":6,"column":2}},"4":{"start":{"line":8,"column":2},"end":{"line":null,"column":-1}},"5":{"start":{"line":9,"column":8},"end":{"line":9,"column":4}},"6":{"start":{"line":10,"column":4},"end":{"line":null,"column":-1}},"7":{"start":{"line":11,"column":62},"end":{"line":10,"column":41}},"8":{"start":{"line":12,"column":10},"end":{"line":12,"column":6}},"9":{"start":{"line":13,"column":6},"end":{"line":null,"column":-1}},"10":{"start":{"line":16,"column":6},"end":{"line":null,"column":-1}},"11":{"start":{"line":18,"column":10},"end":{"line":18,"column":4}},"12":{"start":{"line":21,"column":4},"end":{"line":null,"column":-1}},"13":{"start":{"line":22,"column":4},"end":{"line":null,"column":-1}},"14":{"start":{"line":23,"column":4},"end":{"line":null,"column":-1}},"15":{"start":{"line":25,"column":2},"end":{"line":null,"column":-1}}},"fnMap":{"0":{"name":"createTablesMapper","decl":{"start":{"line":3,"column":6},"end":{"line":3,"column":27}},"loc":{"start":{"line":3,"column":39},"end":{"line":3,"column":0}}},"1":{"name":"(anonymous_2)","decl":{"start":{"line":8,"column":26},"end":{"line":8,"column":34}},"loc":{"start":{"line":8,"column":35},"end":{"line":8,"column":2}}},"2":{"name":"(anonymous_3)","decl":{"start":{"line":10,"column":26},"end":{"line":10,"column":26}},"loc":{"start":{"line":10,"column":41},"end":{"line":10,"column":4}}}},"branchMap":{"0":{"loc":{"start":{"line":14,"column":11},"end":{"line":13,"column":6}},"type":"cond-expr","locations":[{"start":{"line":14,"column":11},"end":{"line":13,"column":6}},{"start":{"line":15,"column":11},"end":{"line":13,"column":6}}]}},"s":{"0":0,"1":0,"2":0,"3":0,"4":0,"5":0,"6":0,"7":0,"8":0,"9":0,"10":0,"11":0,"12":0,"13":0,"14":0,"15":0},"f":{"0":0,"1":0,"2":0},"b":{"0":[0,0]}}
,"/Users/mchugtai/apps/BARSTOOLIAN/src/sqlmethods/delete.js": {"path":"/Users/mchugtai/apps/BARSTOOLIAN/src/sqlmethods/delete.js","statementMap":{"0":{"start":{"line":1,"column":41},"end":{"line":1,"column":0}},"1":{"start":{"line":2,"column":2},"end":{"line":null,"column":-1}}},"fnMap":{"0":{"name":"mapDeleteOneEntityToSQLStatement","decl":{"start":{"line":1,"column":6},"end":{"line":1,"column":41}},"loc":{"start":{"line":1,"column":60},"end":{"line":1,"column":0}}}},"branchMap":{},"s":{"0":0,"1":0},"f":{"0":0},"b":{}}
,"/Users/mchugtai/apps/BARSTOOLIAN/src/sqlmethods/fieldFragmentMapper.js": {"path":"/Users/mchugtai/apps/BARSTOOLIAN/src/sqlmethods/fieldFragmentMapper.js","statementMap":{"0":{"start":{"line":1,"column":28},"end":{"line":1,"column":0}},"1":{"start":{"line":2,"column":2},"end":{"line":2,"column":23}},"2":{"start":{"line":2,"column":23},"end":{"line":null,"column":-1}},"3":{"start":{"line":4,"column":2},"end":{"line":4,"column":37}},"4":{"start":{"line":4,"column":37},"end":{"line":null,"column":-1}},"5":{"start":{"line":6,"column":2},"end":{"line":6,"column":38}},"6":{"start":{"line":6,"column":38},"end":{"line":null,"column":-1}},"7":{"start":{"line":8,"column":2},"end":{"line":8,"column":37}},"8":{"start":{"line":8,"column":37},"end":{"line":null,"column":-1}},"9":{"start":{"line":10,"column":2},"end":{"line":10,"column":38}},"10":{"start":{"line":10,"column":38},"end":{"line":null,"column":-1}},"11":{"start":{"line":12,"column":2},"end":{"line":12,"column":38}},"12":{"start":{"line":12,"column":38},"end":{"line":null,"column":-1}},"13":{"start":{"line":14,"column":2},"end":{"line":14,"column":39}},"14":{"start":{"line":14,"column":39},"end":{"line":null,"column":-1}},"15":{"start":{"line":16,"column":2},"end":{"line":16,"column":35}},"16":{"start":{"line":16,"column":35},"end":{"line":null,"column":-1}},"17":{"start":{"line":18,"column":2},"end":{"line":18,"column":36}},"18":{"start":{"line":18,"column":36},"end":{"line":null,"column":-1}},"19":{"start":{"line":20,"column":2},"end":{"line":20,"column":40}},"20":{"start":{"line":20,"column":40},"end":{"line":null,"column":-1}},"21":{"start":{"line":22,"column":2},"end":{"line":22,"column":41}},"22":{"start":{"line":22,"column":41},"end":{"line":null,"column":-1}},"23":{"start":{"line":24,"column":2},"end":{"line":null,"column":-1}}},"fnMap":{"0":{"name":"fieldFragmentMapper","decl":{"start":{"line":1,"column":6},"end":{"line":1,"column":28}},"loc":{"start":{"line":1,"column":77},"end":{"line":1,"column":0}}}},"branchMap":{"0":{"loc":{"start":{"line":2,"column":2},"end":{"line":2,"column":23}},"type":"if","locations":[{"start":{"line":2,"column":2},"end":{"line":2,"column":23}},{"start":{"line":2,"column":2},"end":{"line":2,"column":23}}]},"1":{"loc":{"start":{"line":4,"column":2},"end":{"line":4,"column":37}},"type":"if","locations":[{"start":{"line":4,"column":2},"end":{"line":4,"column":37}},{"start":{"line":4,"column":2},"end":{"line":4,"column":37}}]},"2":{"loc":{"start":{"line":4,"column":6},"end":{"line":4,"column":5}},"type":"binary-expr","locations":[{"start":{"line":4,"column":6},"end":{"line":4,"column":5}},{"start":{"line":4,"column":27},"end":{"line":4,"column":2}}]},"3":{"loc":{"start":{"line":6,"column":2},"end":{"line":6,"column":38}},"type":"if","locations":[{"start":{"line":6,"column":2},"end":{"line":6,"column":38}},{"start":{"line":6,"column":2},"end":{"line":6,"column":38}}]},"4":{"loc":{"start":{"line":6,"column":6},"end":{"line":6,"column":5}},"type":"binary-expr","locations":[{"start":{"line":6,"column":6},"end":{"line":6,"column":5}},{"start":{"line":6,"column":27},"end":{"line":6,"column":2}}]},"5":{"loc":{"start":{"line":8,"column":2},"end":{"line":8,"column":37}},"type":"if","locations":[{"start":{"line":8,"column":2},"end":{"line":8,"column":37}},{"start":{"line":8,"column":2},"end":{"line":8,"column":37}}]},"6":{"loc":{"start":{"line":8,"column":6},"end":{"line":8,"column":5}},"type":"binary-expr","locations":[{"start":{"line":8,"column":6},"end":{"line":8,"column":5}},{"start":{"line":8,"column":27},"end":{"line":8,"column":2}}]},"7":{"loc":{"start":{"line":10,"column":2},"end":{"line":10,"column":38}},"type":"if","locations":[{"start":{"line":10,"column":2},"end":{"line":10,"column":38}},{"start":{"line":10,"column":2},"end":{"line":10,"column":38}}]},"8":{"loc":{"start":{"line":10,"column":6},"end":{"line":10,"column":5}},"type":"binary-expr","locations":[{"start":{"line":10,"column":6},"end":{"line":10,"column":5}},{"start":{"line":10,"column":27},"end":{"line":10,"column":2}}]},"9":{"loc":{"start":{"line":12,"column":2},"end":{"line":12,"column":38}},"type":"if","locations":[{"start":{"line":12,"column":2},"end":{"line":12,"column":38}},{"start":{"line":12,"column":2},"end":{"line":12,"column":38}}]},"10":{"loc":{"start":{"line":12,"column":6},"end":{"line":12,"column":5}},"type":"binary-expr","locations":[{"start":{"line":12,"column":6},"end":{"line":12,"column":5}},{"start":{"line":12,"column":28},"end":{"line":12,"column":2}}]},"11":{"loc":{"start":{"line":14,"column":2},"end":{"line":14,"column":39}},"type":"if","locations":[{"start":{"line":14,"column":2},"end":{"line":14,"column":39}},{"start":{"line":14,"column":2},"end":{"line":14,"column":39}}]},"12":{"loc":{"start":{"line":14,"column":6},"end":{"line":14,"column":5}},"type":"binary-expr","locations":[{"start":{"line":14,"column":6},"end":{"line":14,"column":5}},{"start":{"line":14,"column":28},"end":{"line":14,"column":2}}]},"13":{"loc":{"start":{"line":16,"column":2},"end":{"line":16,"column":35}},"type":"if","locations":[{"start":{"line":16,"column":2},"end":{"line":16,"column":35}},{"start":{"line":16,"column":2},"end":{"line":16,"column":35}}]},"14":{"loc":{"start":{"line":16,"column":6},"end":{"line":16,"column":5}},"type":"binary-expr","locations":[{"start":{"line":16,"column":6},"end":{"line":16,"column":5}},{"start":{"line":16,"column":25},"end":{"line":16,"column":2}}]},"15":{"loc":{"start":{"line":18,"column":2},"end":{"line":18,"column":36}},"type":"if","locations":[{"start":{"line":18,"column":2},"end":{"line":18,"column":36}},{"start":{"line":18,"column":2},"end":{"line":18,"column":36}}]},"16":{"loc":{"start":{"line":18,"column":6},"end":{"line":18,"column":5}},"type":"binary-expr","locations":[{"start":{"line":18,"column":6},"end":{"line":18,"column":5}},{"start":{"line":18,"column":25},"end":{"line":18,"column":2}}]},"17":{"loc":{"start":{"line":20,"column":2},"end":{"line":20,"column":40}},"type":"if","locations":[{"start":{"line":20,"column":2},"end":{"line":20,"column":40}},{"start":{"line":20,"column":2},"end":{"line":20,"column":40}}]},"18":{"loc":{"start":{"line":20,"column":6},"end":{"line":20,"column":5}},"type":"binary-expr","locations":[{"start":{"line":20,"column":6},"end":{"line":20,"column":5}},{"start":{"line":20,"column":30},"end":{"line":20,"column":2}}]},"19":{"loc":{"start":{"line":22,"column":2},"end":{"line":22,"column":41}},"type":"if","locations":[{"start":{"line":22,"column":2},"end":{"line":22,"column":41}},{"start":{"line":22,"column":2},"end":{"line":22,"column":41}}]},"20":{"loc":{"start":{"line":22,"column":6},"end":{"line":22,"column":5}},"type":"binary-expr","locations":[{"start":{"line":22,"column":6},"end":{"line":22,"column":5}},{"start":{"line":22,"column":30},"end":{"line":22,"column":2}}]}},"s":{"0":0,"1":0,"2":0,"3":0,"4":0,"5":0,"6":0,"7":0,"8":0,"9":0,"10":0,"11":0,"12":0,"13":0,"14":0,"15":0,"16":0,"17":0,"18":0,"19":0,"20":0,"21":0,"22":0,"23":0},"f":{"0":0},"b":{"0":[0,0],"1":[0,0],"2":[0,0],"3":[0,0],"4":[0,0],"5":[0,0],"6":[0,0],"7":[0,0],"8":[0,0],"9":[0,0],"10":[0,0],"11":[0,0],"12":[0,0],"13":[0,0],"14":[0,0],"15":[0,0],"16":[0,0],"17":[0,0],"18":[0,0],"19":[0,0],"20":[0,0]}}
,"/Users/mchugtai/apps/BARSTOOLIAN/src/sqlmethods/index.js": {"path":"/Users/mchugtai/apps/BARSTOOLIAN/src/sqlmethods/index.js","statementMap":{"0":{"start":{"line":3,"column":0},"end":{"line":null,"column":-1}},"1":{"start":{"line":4,"column":0},"end":{"line":null,"column":-1}},"2":{"start":{"line":5,"column":0},"end":{"line":null,"column":-1}},"3":{"start":{"line":6,"column":0},"end":{"line":null,"column":-1}},"4":{"start":{"line":7,"column":0},"end":{"line":null,"column":-1}},"5":{"start":{"line":8,"column":0},"end":{"line":null,"column":-1}}},"fnMap":{},"branchMap":{},"s":{"0":0,"1":0,"2":0,"3":0,"4":0,"5":0},"f":{},"b":{}}
,"/Users/mchugtai/apps/BARSTOOLIAN/src/sqlmethods/read.js": {"path":"/Users/mchugtai/apps/BARSTOOLIAN/src/sqlmethods/read.js","statementMap":{"0":{"start":{"line":2,"column":39},"end":{"line":2,"column":0}},"1":{"start":{"line":3,"column":2},"end":{"line":null,"column":-1}},"2":{"start":{"line":8,"column":41},"end":{"line":8,"column":0}},"3":{"start":{"line":9,"column":2},"end":{"line":null,"column":-1}}},"fnMap":{"0":{"name":"mapReadOneEntityToSQLStatement","decl":{"start":{"line":2,"column":6},"end":{"line":2,"column":39}},"loc":{"start":{"line":2,"column":58},"end":{"line":2,"column":0}}},"1":{"name":"mapReadAllEntitiesToSQLStatement","decl":{"start":{"line":8,"column":6},"end":{"line":8,"column":41}},"loc":{"start":{"line":8,"column":54},"end":{"line":8,"column":0}}}},"branchMap":{},"s":{"0":0,"1":0,"2":0,"3":0},"f":{"0":0,"1":0},"b":{}}
,"/Users/mchugtai/apps/BARSTOOLIAN/src/sqlmethods/update.js": {"path":"/Users/mchugtai/apps/BARSTOOLIAN/src/sqlmethods/update.js","statementMap":{"0":{"start":{"line":1,"column":41},"end":{"line":1,"column":0}},"1":{"start":{"line":2,"column":6},"end":{"line":2,"column":2}},"2":{"start":{"line":3,"column":2},"end":{"line":null,"column":-1}},"3":{"start":{"line":4,"column":4},"end":{"line":null,"column":-1}},"4":{"start":{"line":8,"column":2},"end":{"line":null,"column":-1}}},"fnMap":{"0":{"name":"mapUpdateOneEntityToSQLStatement","decl":{"start":{"line":1,"column":6},"end":{"line":1,"column":41}},"loc":{"start":{"line":1,"column":74},"end":{"line":1,"column":0}}},"1":{"name":"(anonymous_1)","decl":{"start":{"line":3,"column":15},"end":{"line":3,"column":15}},"loc":{"start":{"line":3,"column":27},"end":{"line":3,"column":2}}}},"branchMap":{"0":{"loc":{"start":{"line":5,"column":9},"end":{"line":4,"column":4}},"type":"cond-expr","locations":[{"start":{"line":5,"column":9},"end":{"line":4,"column":4}},{"start":{"line":6,"column":9},"end":{"line":4,"column":4}}]}},"s":{"0":0,"1":0,"2":0,"3":0,"4":0},"f":{"0":0,"1":0},"b":{"0":[0,0]}}
}
